[+] Containers:
 |- [+] Container: /Game/FirstPerson/Maps/FirstPersonMap
 |   |- [+] ActorDescs:
 |   |   |- Guid:0EDB289B45CB7E0977A6DBA74201EE76 BaseClass: NativeClass:/Script/Engine.StaticMeshActor Name:StaticMeshActor_10 Label:Wall_Front_1 SpatiallyLoaded:1 Bounds:IsValid=true, Min=(X=2900.000 Y=100.000 Z=0.000), Max=(X=3000.000 Y=1300.000 Z=400.000) RuntimeGrid:None EditorOnly:0 RuntimeOnly:0 HLODRelevant:1 FolderPath:Room Boss FolderGuid:6C02BB504B69D1F3D7A624B130C18E5B
 |   |   |- Guid:21262252453B37957EF29F82ABA2413B BaseClass: NativeClass:/Script/Engine.TextRenderActor Name:TextRenderActor_1 Label:TextRenderActor SpatiallyLoaded:1 Bounds:IsValid=true, Min=(X=-0.100 Y=1100.000 Z=65.013), Max=(X=-0.100 Y=2363.461 Z=215.013) RuntimeGrid:None EditorOnly:0 RuntimeOnly:0 HLODRelevant:0
 |   |   |- Guid:21AC1FBB43C1F43BDC95B781BA96C23B BaseClass: NativeClass:/Script/Engine.StaticMeshActor Name:StaticMeshActor_UAID_50EBF67EA1C9629401_1519567718 Label:Cube3 SpatiallyLoaded:1 Bounds:IsValid=true, Min=(X=9100.000 Y=1900.000 Z=0.000), Max=(X=9300.000 Y=2900.000 Z=400.000) RuntimeGrid:None EditorOnly:0 RuntimeOnly:0 HLODRelevant:1 FolderPath:Room FolderGuid:DBF2F7B34B65268448A2848A9607E355
 |   |   |- Guid:32875B2948FFB49927A69F90685CAB8D BaseClass: NativeClass:/Script/Engine.StaticMeshActor Name:StaticMeshActor_UAID_50EBF67EA1C9619401_2120946519 Label:Wall_Front_2 SpatiallyLoaded:1 Bounds:IsValid=true, Min=(X=2901.000 Y=1700.000 Z=0.000), Max=(X=3001.000 Y=2900.000 Z=400.000) RuntimeGrid:None EditorOnly:0 RuntimeOnly:0 HLODRelevant:1 FolderPath:Room Boss FolderGuid:6C02BB504B69D1F3D7A624B130C18E5B
 |   |   |- Guid:35D7C99541534EAE87B0E0BB284C767E BaseClass: NativeClass:/Script/Engine.StaticMeshActor Name:StaticMeshActor_UAID_50EBF67EA1C9629401_1109640704 Label:Floor SpatiallyLoaded:1 Bounds:IsValid=true, Min=(X=3500.000 Y=0.000 Z=-50.000), Max=(X=6500.000 Y=3000.000 Z=0.000) RuntimeGrid:None EditorOnly:0 RuntimeOnly:0 HLODRelevant:1 FolderPath:Room 2 FolderGuid:5348EE5D43F596A538728FBD6E2C7FAA
 |   |   |- Guid:377F77A4461FA591F1AEFB92D2FA8058 BaseClass:/Game/BossEnemy/BP_ImpactParticles.BP_ImpactParticles_C NativeClass:/Script/Engine.Actor Name:BP_ImpactParticles_C_UAID_50EBF67EA1C9E58B01_1128092248 Label:BP_ImpactParticles SpatiallyLoaded:1 Bounds:IsValid=true, Min=(X=-175.767 Y=-149.398 Z=-459.647), Max=(X=160.321 Y=183.855 Z=-11.037) RuntimeGrid:None EditorOnly:0 RuntimeOnly:0 HLODRelevant:0
 |   |   |- Guid:3C9DBAF2459E0F2F43BDAC8CD984EC25 BaseClass: NativeClass:/Script/Engine.StaticMeshActor Name:StaticMeshActor_UAID_50EBF67EA1C9629401_1613495720 Label:Cylinder SpatiallyLoaded:1 Bounds:IsValid=true, Min=(X=8900.000 Y=500.000 Z=0.000), Max=(X=9300.000 Y=900.000 Z=400.000) RuntimeGrid:None EditorOnly:0 RuntimeOnly:0 HLODRelevant:1
 |   |   |- Guid:422187044CB604AD9EC1F9A9593188FD BaseClass: NativeClass:/Script/Engine.StaticMeshActor Name:StaticMeshActor_UAID_50EBF67EA1C9629401_1344916716 Label:Cube SpatiallyLoaded:1 Bounds:IsValid=true, Min=(X=8400.000 Y=1000.000 Z=0.000), Max=(X=8600.000 Y=2000.000 Z=400.000) RuntimeGrid:None EditorOnly:0 RuntimeOnly:0 HLODRelevant:1 FolderPath:Room 1 FolderGuid:26136B2746CF5DB5C8F71A9B32E6A031
 |   |   |- Guid:483055F7476869B2A7F15FA2F0327998 BaseClass: NativeClass:/Script/Engine.StaticMeshActor Name:StaticMeshActor_UAID_50EBF67EA1C9629401_1240886709 Label:Wall_Right SpatiallyLoaded:1 Bounds:IsValid=true, Min=(X=7000.000 Y=0.000 Z=0.000), Max=(X=10000.000 Y=100.000 Z=400.000) RuntimeGrid:None EditorOnly:0 RuntimeOnly:0 HLODRelevant:1 FolderPath:Room 1 FolderGuid:26136B2746CF5DB5C8F71A9B32E6A031
 |   |   |- Guid:48CE1E27401D6E76B694D7A2009A8BE3 BaseClass: NativeClass:/Script/Engine.StaticMeshActor Name:StaticMeshActor_UAID_50EBF67EA1C9629401_1486740717 Label:Cube2 SpatiallyLoaded:1 Bounds:IsValid=true, Min=(X=7600.000 Y=2300.000 Z=0.000), Max=(X=7800.000 Y=2900.000 Z=400.000) RuntimeGrid:None EditorOnly:0 RuntimeOnly:0 HLODRelevant:1 FolderPath:Room FolderGuid:DBF2F7B34B65268448A2848A9607E355
 |   |   |- Guid:4ABB12C843D4DAD8FD14889A94470155 BaseClass: NativeClass:/Script/Engine.StaticMeshActor Name:StaticMeshActor_UAID_50EBF67EA1C9629401_1240887710 Label:Wall_Left SpatiallyLoaded:1 Bounds:IsValid=true, Min=(X=7000.000 Y=2900.000 Z=0.000), Max=(X=10000.000 Y=3000.000 Z=400.000) RuntimeGrid:None EditorOnly:0 RuntimeOnly:0 HLODRelevant:1 FolderPath:Room 1 FolderGuid:26136B2746CF5DB5C8F71A9B32E6A031
 |   |   |- Guid:4BB65FB84442907DA002C6B049B21E91 BaseClass:/Game/VFX_Pack/Blueprints/Spawn_Particle.Spawn_Particle_C NativeClass:/Script/Engine.Actor Name:Spawn_Particle_C_UAID_50EBF67EA1C9618901_1082152903 Label:Spawn_Particle SpatiallyLoaded:1 Bounds:IsValid=true, Min=(X=1190.000 Y=1530.000 Z=0.000), Max=(X=1190.000 Y=1530.000 Z=0.000) RuntimeGrid:None EditorOnly:0 RuntimeOnly:0 HLODRelevant:0
 |   |   |- Guid:5FE7584649BB6F09265329A6C57CFD0D BaseClass: NativeClass:/Script/Engine.VolumetricCloud Name:VolumetricCloud_0 Label:VolumetricCloud SpatiallyLoaded:0 Bounds:IsValid=true, Min=(X=0.000 Y=0.000 Z=820.000), Max=(X=0.000 Y=0.000 Z=820.000) RuntimeGrid:None EditorOnly:0 RuntimeOnly:0 HLODRelevant:0 FolderPath:Lighting FolderGuid:0BA5F0A04EADB18E70D5B180D08FA34B
 |   |   |- Guid:61391D344900612A77DFC3BA3E354907 BaseClass: NativeClass:/Script/Engine.ExponentialHeightFog Name:ExponentialHeightFog_0 Label:ExponentialHeightFog SpatiallyLoaded:0 Bounds:IsValid=true, Min=(X=-5600.000 Y=-50.000 Z=-6850.000), Max=(X=-5600.000 Y=-50.000 Z=-6850.000) RuntimeGrid:None EditorOnly:0 RuntimeOnly:0 HLODRelevant:0 FolderPath:Lighting FolderGuid:0BA5F0A04EADB18E70D5B180D08FA34B
 |   |   |- Guid:65B3FFBF428ECE3B0BD0C987E6D5B239 BaseClass: NativeClass:/Script/NavigationSystem.NavMeshBoundsVolume Name:NavMeshBoundsVolume_UAID_50EBF67EA1C9639401_1317419898 Label:NavMeshBoundsVolume SpatiallyLoaded:0 Bounds:IsValid=true, Min=(X=7000.000 Y=0.000 Z=0.000), Max=(X=10000.000 Y=3000.000 Z=400.000) RuntimeGrid:None EditorOnly:0 RuntimeOnly:0 HLODRelevant:0
 |   |   |- Guid:666A5DDA4F491358DA64CDB99D67AE8D BaseClass: NativeClass:/Script/Engine.StaticMeshActor Name:StaticMeshActor_UAID_50EBF67EA1C9629401_1240888712 Label:Wall_Front_1 SpatiallyLoaded:1 Bounds:IsValid=true, Min=(X=9900.000 Y=100.000 Z=0.000), Max=(X=10000.000 Y=1300.000 Z=400.000) RuntimeGrid:None EditorOnly:0 RuntimeOnly:0 HLODRelevant:1 FolderPath:Room 1 FolderGuid:26136B2746CF5DB5C8F71A9B32E6A031
 |   |   |- Guid:6CBB7B8D4EFEE1C28DDD678E334EEB6C BaseClass: NativeClass:/Script/Engine.StaticMeshActor Name:StaticMeshActor_UAID_50EBF67EA1C9629401_1240889715 Label:Wall_Back_2 SpatiallyLoaded:1 Bounds:IsValid=true, Min=(X=7000.000 Y=1700.000 Z=0.000), Max=(X=7100.000 Y=2900.000 Z=400.000) RuntimeGrid:None EditorOnly:0 RuntimeOnly:0 HLODRelevant:1 FolderPath:Room 1 FolderGuid:26136B2746CF5DB5C8F71A9B32E6A031
 |   |   |- Guid:6FEFB3BD4EB37B849EF0D4AC80F83855 BaseClass: NativeClass:/Script/Engine.WorldDataLayers Name:WorldDataLayers Label:WorldDataLayers SpatiallyLoaded:0 Bounds:IsValid=true, Min=(X=0.000 Y=0.000 Z=0.000), Max=(X=0.000 Y=0.000 Z=0.000) RuntimeGrid:None EditorOnly:0 RuntimeOnly:0 HLODRelevant:0
 |   |   |- Guid:78CAF7514C7533F30BD2F19A017AAB65 BaseClass: NativeClass:/Script/Engine.StaticMeshActor Name:StaticMeshActor_0 Label:Floor SpatiallyLoaded:1 Bounds:IsValid=true, Min=(X=0.000 Y=0.000 Z=-50.000), Max=(X=3000.000 Y=3000.000 Z=0.000) RuntimeGrid:None EditorOnly:0 RuntimeOnly:0 HLODRelevant:1 FolderPath:Room Boss FolderGuid:6C02BB504B69D1F3D7A624B130C18E5B
 |   |   |- Guid:7E6ADCE14EFEAC9EAFC4709E434E7256 BaseClass: NativeClass:/Script/Engine.StaticMeshActor Name:StaticMeshActor_UAID_50EBF67EA1C9629401_1240888713 Label:Wall_Back_1 SpatiallyLoaded:1 Bounds:IsValid=true, Min=(X=7000.000 Y=100.000 Z=0.000), Max=(X=7100.000 Y=1300.000 Z=400.000) RuntimeGrid:None EditorOnly:0 RuntimeOnly:0 HLODRelevant:1 FolderPath:Room 1 FolderGuid:26136B2746CF5DB5C8F71A9B32E6A031
 |   |   |- Guid:8559D1384B14F466E8927697A36C1D78 BaseClass: NativeClass:/Script/Engine.StaticMeshActor Name:StaticMeshActor_9 Label:Wall_Back SpatiallyLoaded:1 Bounds:IsValid=true, Min=(X=-0.000 Y=100.000 Z=0.000), Max=(X=100.000 Y=2900.000 Z=400.000) RuntimeGrid:None EditorOnly:0 RuntimeOnly:0 HLODRelevant:1 FolderPath:Room Boss FolderGuid:6C02BB504B69D1F3D7A624B130C18E5B
 |   |   |- Guid:8BE736AB408DADEFF050CBB809A876ED BaseClass: NativeClass:/Script/Engine.StaticMeshActor Name:StaticMeshActor_UAID_50EBF67EA1C9629401_1109640703 Label:Wall_Left SpatiallyLoaded:1 Bounds:IsValid=true, Min=(X=3500.000 Y=2900.000 Z=0.000), Max=(X=6500.000 Y=3000.000 Z=400.000) RuntimeGrid:None EditorOnly:0 RuntimeOnly:0 HLODRelevant:1 FolderPath:Room 2 FolderGuid:5348EE5D43F596A538728FBD6E2C7FAA
 |   |   |- Guid:90B7B8D3420C2EABA931D3A6A69DF696 BaseClass: NativeClass:/Script/Engine.StaticMeshActor Name:StaticMeshActor_3 Label:Wall_Right SpatiallyLoaded:1 Bounds:IsValid=true, Min=(X=0.000 Y=0.000 Z=0.000), Max=(X=3000.000 Y=100.000 Z=400.000) RuntimeGrid:None EditorOnly:0 RuntimeOnly:0 HLODRelevant:1 FolderPath:Room Boss FolderGuid:6C02BB504B69D1F3D7A624B130C18E5B
 |   |   |- Guid:94DECB52492CAF6EC20CF98E99ABCE22 BaseClass: NativeClass:/Script/Engine.StaticMeshActor Name:StaticMeshActor_UAID_50EBF67EA1C9629401_1109641706 Label:Wall_Back_1 SpatiallyLoaded:1 Bounds:IsValid=true, Min=(X=3500.000 Y=100.000 Z=0.000), Max=(X=3600.000 Y=1300.000 Z=400.000) RuntimeGrid:None EditorOnly:0 RuntimeOnly:0 HLODRelevant:1 FolderPath:Room 2 FolderGuid:5348EE5D43F596A538728FBD6E2C7FAA
 |   |   |- Guid:A354B1B24E617A525DC6B48CCDE2417E BaseClass: NativeClass:/Script/Engine.PlayerStart Name:PlayerStart_0 Label:PlayerStart SpatiallyLoaded:0 Bounds:IsValid=true, Min=(X=9460.000 Y=1460.000 Z=8.000), Max=(X=9540.000 Y=1540.000 Z=192.000) RuntimeGrid:None EditorOnly:0 RuntimeOnly:0 HLODRelevant:0
 |   |   |- Guid:A554A4B34F99BABDFE1DC9BC581B206C BaseClass: NativeClass:/Script/Engine.StaticMeshActor Name:StaticMeshActor_UAID_50EBF67EA1C9629401_1109641705 Label:Wall_Front_1 SpatiallyLoaded:1 Bounds:IsValid=true, Min=(X=6400.000 Y=100.000 Z=0.000), Max=(X=6500.000 Y=1300.000 Z=400.000) RuntimeGrid:None EditorOnly:0 RuntimeOnly:0 HLODRelevant:1 FolderPath:Room 2 FolderGuid:5348EE5D43F596A538728FBD6E2C7FAA
 |   |   |- Guid:AA2EF21E479A0EB72EFC06BBBFF9D28E BaseClass: NativeClass:/Script/Engine.StaticMeshActor Name:StaticMeshActor_UAID_50EBF67EA1C9629401_1109641707 Label:Wall_Front_2 SpatiallyLoaded:1 Bounds:IsValid=true, Min=(X=6401.000 Y=1700.000 Z=0.000), Max=(X=6501.000 Y=2900.000 Z=400.000) RuntimeGrid:None EditorOnly:0 RuntimeOnly:0 HLODRelevant:1 FolderPath:Room 2 FolderGuid:5348EE5D43F596A538728FBD6E2C7FAA
 |   |   |- Guid:B7A34FE74E027592FF1D4A80032CFAE4 BaseClass: NativeClass:/Script/Engine.StaticMeshActor Name:StaticMeshActor_UAID_50EBF67EA1C9629401_1109639702 Label:Wall_Right SpatiallyLoaded:1 Bounds:IsValid=true, Min=(X=3500.000 Y=0.000 Z=0.000), Max=(X=6500.000 Y=100.000 Z=400.000) RuntimeGrid:None EditorOnly:0 RuntimeOnly:0 HLODRelevant:1 FolderPath:Room 2 FolderGuid:5348EE5D43F596A538728FBD6E2C7FAA
 |   |   |- Guid:B7BB07C74E8DCDA9693BB38ECB14A539 BaseClass: NativeClass:/Script/Engine.StaticMeshActor Name:StaticMeshActor_UAID_50EBF67EA1C9629401_1578447719 Label:Cube4 SpatiallyLoaded:1 Bounds:IsValid=true, Min=(X=7500.000 Y=500.000 Z=0.000), Max=(X=8100.000 Y=700.000 Z=400.000) RuntimeGrid:None EditorOnly:0 RuntimeOnly:0 HLODRelevant:1 FolderPath:Room FolderGuid:DBF2F7B34B65268448A2848A9607E355
 |   |   |- Guid:B8B5AA5A439B85BD46E7D988209ADFDD BaseClass:/Game/BasicEnemy/BP_Enemy.BP_Enemy_C NativeClass:/Script/Engine.Character Name:BP_Enemy_C_UAID_50EBF67EA1C9639401_1081883897 Label:BP_Enemy SpatiallyLoaded:1 Bounds:IsValid=true, Min=(X=8468.000 Y=2568.000 Z=0.000), Max=(X=8532.000 Y=2632.000 Z=128.000) RuntimeGrid:None EditorOnly:0 RuntimeOnly:0 HLODRelevant:0
 |   |   |- Guid:BA27CC1C4AFAE315606E119C92907FE3 BaseClass: NativeClass:/Script/Engine.StaticMeshActor Name:StaticMeshActor_UAID_50EBF67EA1C9629401_1240889714 Label:Wall_Front_2 SpatiallyLoaded:1 Bounds:IsValid=true, Min=(X=9901.000 Y=1700.000 Z=0.000), Max=(X=10001.000 Y=2900.000 Z=400.000) RuntimeGrid:None EditorOnly:0 RuntimeOnly:0 HLODRelevant:1 FolderPath:Room 1 FolderGuid:26136B2746CF5DB5C8F71A9B32E6A031
 |   |   |- Guid:C0C56B9644AE3D40CAFF6A878DB29844 BaseClass: NativeClass:/Script/Engine.StaticMeshActor Name:StaticMeshActor_UAID_A4AE111137DC5EFB00_2001720423 Label:SM_SkySphere SpatiallyLoaded:0 Bounds:IsValid=true, Min=(X=-1638400.000 Y=-1638400.000 Z=-1638400.000), Max=(X=1638400.000 Y=1638400.000 Z=1638400.000) RuntimeGrid:None EditorOnly:0 RuntimeOnly:0 HLODRelevant:1 FolderPath:Lighting FolderGuid:0BA5F0A04EADB18E70D5B180D08FA34B
 |   |   |- Guid:C22CE07C4B87D685137FDBBC10FC92C6 BaseClass: NativeClass:/Script/Engine.SkyAtmosphere Name:SkyAtmosphere_0 Label:SkyAtmosphere SpatiallyLoaded:0 Bounds:IsValid=true, Min=(X=0.000 Y=0.000 Z=1020.000), Max=(X=0.000 Y=0.000 Z=1020.000) RuntimeGrid:None EditorOnly:0 RuntimeOnly:0 HLODRelevant:0 FolderPath:Lighting FolderGuid:0BA5F0A04EADB18E70D5B180D08FA34B
 |   |   |- Guid:CE8D82634660FCDB3120E2B8D547C533 BaseClass: NativeClass:/Script/Engine.PostProcessVolume Name:PostProcessVolume_0 Label:PostProcessVolume SpatiallyLoaded:0 Bounds:IsValid=true, Min=(X=0.000 Y=0.000 Z=400.000), Max=(X=200.000 Y=200.000 Z=600.000) RuntimeGrid:None EditorOnly:0 RuntimeOnly:0 HLODRelevant:0 FolderPath:Lighting FolderGuid:0BA5F0A04EADB18E70D5B180D08FA34B
 |   |   |- Guid:E006499840FD61F1E0A4AEBD8D204554 BaseClass: NativeClass:/Script/NavigationSystem.RecastNavMesh Name:RecastNavMesh_UAID_50EBF67EA1C9639401-Default Label:RecastNavMesh-Default SpatiallyLoaded:0 Bounds:IsValid=true, Min=(X=0.000 Y=0.000 Z=0.000), Max=(X=0.000 Y=0.000 Z=0.000) RuntimeGrid:None EditorOnly:0 RuntimeOnly:0 HLODRelevant:0
 |   |   |- Guid:E5320C1B4FD9764CE7B54D8487AEC613 BaseClass: NativeClass:/Script/Engine.SkyLight Name:SkyLight_0 Label:SkyLight SpatiallyLoaded:0 Bounds:IsValid=true, Min=(X=0.000 Y=0.000 Z=690.000), Max=(X=0.000 Y=0.000 Z=690.000) RuntimeGrid:None EditorOnly:0 RuntimeOnly:0 HLODRelevant:0 FolderPath:Lighting FolderGuid:0BA5F0A04EADB18E70D5B180D08FA34B
 |   |   |- Guid:E8BECD084F52D7A06018EE92F3DF9053 BaseClass: NativeClass:/Script/Engine.StaticMeshActor Name:StaticMeshActor_UAID_50EBF67EA1C9629401_1193376708 Label:Wall_Back_2 SpatiallyLoaded:1 Bounds:IsValid=true, Min=(X=3500.000 Y=1700.000 Z=0.000), Max=(X=3600.000 Y=2900.000 Z=400.000) RuntimeGrid:None EditorOnly:0 RuntimeOnly:0 HLODRelevant:1 FolderPath:Room 2 FolderGuid:5348EE5D43F596A538728FBD6E2C7FAA
 |   |   |- Guid:EE66F4454A4A9F99393F559AB739C05E BaseClass:/Game/FirstPerson/Blueprints/BP_Pickup_Rifle.BP_Pickup_Rifle_C NativeClass:/Script/Engine.Actor Name:BP_Rifle_C_1 Label:BP_Pickup_Rifle SpatiallyLoaded:1 Bounds:IsValid=true, Min=(X=9218.000 Y=1468.000 Z=64.000), Max=(X=9282.000 Y=1557.440 Z=128.000) RuntimeGrid:None EditorOnly:0 RuntimeOnly:0 HLODRelevant:0
 |   |   |- Guid:F07F1AF64C7C7C238EE1B4BF8C122DD8 BaseClass: NativeClass:/Script/Engine.StaticMeshActor Name:StaticMeshActor_4 Label:Wall_Left SpatiallyLoaded:1 Bounds:IsValid=true, Min=(X=0.000 Y=2900.000 Z=0.000), Max=(X=3000.000 Y=3000.000 Z=400.000) RuntimeGrid:None EditorOnly:0 RuntimeOnly:0 HLODRelevant:1 FolderPath:Room Boss FolderGuid:6C02BB504B69D1F3D7A624B130C18E5B
 |   |   |- Guid:F37F8DB04594D767C332DAB48A8D16F9 BaseClass: NativeClass:/Script/Engine.StaticMeshActor Name:StaticMeshActor_UAID_50EBF67EA1C9629401_1240888711 Label:Floor SpatiallyLoaded:1 Bounds:IsValid=true, Min=(X=7000.000 Y=0.000 Z=-50.000), Max=(X=10000.000 Y=3000.000 Z=0.000) RuntimeGrid:None EditorOnly:0 RuntimeOnly:0 HLODRelevant:1 FolderPath:Room 1 FolderGuid:26136B2746CF5DB5C8F71A9B32E6A031
 |   |   |- Guid:F80621C9446867154938FE81375207DA BaseClass: NativeClass:/Script/Engine.DirectionalLight Name:DirectionalLight_1 Label:DirectionalLight SpatiallyLoaded:0 Bounds:IsValid=true, Min=(X=-1048576.000 Y=-1048576.000 Z=-1048576.000), Max=(X=1048576.000 Y=1048576.000 Z=1048576.000) RuntimeGrid:None EditorOnly:0 RuntimeOnly:0 HLODRelevant:0 FolderPath:Lighting FolderGuid:0BA5F0A04EADB18E70D5B180D08FA34B
 |   |- [+] Clusters:
 |   |   |- [+] [  0]
 |   |   |   |- Guid:61391D344900612A77DFC3BA3E354907 BaseClass: NativeClass:/Script/Engine.ExponentialHeightFog Name:ExponentialHeightFog_0 Label:ExponentialHeightFog SpatiallyLoaded:0 Bounds:IsValid=true, Min=(X=-5600.000 Y=-50.000 Z=-6850.000), Max=(X=-5600.000 Y=-50.000 Z=-6850.000) RuntimeGrid:None EditorOnly:0 RuntimeOnly:0 HLODRelevant:0 FolderPath:Lighting FolderGuid:0BA5F0A04EADB18E70D5B180D08FA34B
 |   |   |- [+] [  1]
 |   |   |   |- Guid:5FE7584649BB6F09265329A6C57CFD0D BaseClass: NativeClass:/Script/Engine.VolumetricCloud Name:VolumetricCloud_0 Label:VolumetricCloud SpatiallyLoaded:0 Bounds:IsValid=true, Min=(X=0.000 Y=0.000 Z=820.000), Max=(X=0.000 Y=0.000 Z=820.000) RuntimeGrid:None EditorOnly:0 RuntimeOnly:0 HLODRelevant:0 FolderPath:Lighting FolderGuid:0BA5F0A04EADB18E70D5B180D08FA34B
 |   |   |- [+] [  2]
 |   |   |   |- Guid:F80621C9446867154938FE81375207DA BaseClass: NativeClass:/Script/Engine.DirectionalLight Name:DirectionalLight_1 Label:DirectionalLight SpatiallyLoaded:0 Bounds:IsValid=true, Min=(X=-1048576.000 Y=-1048576.000 Z=-1048576.000), Max=(X=1048576.000 Y=1048576.000 Z=1048576.000) RuntimeGrid:None EditorOnly:0 RuntimeOnly:0 HLODRelevant:0 FolderPath:Lighting FolderGuid:0BA5F0A04EADB18E70D5B180D08FA34B
 |   |   |- [+] [  3]
 |   |   |   |- Guid:4BB65FB84442907DA002C6B049B21E91 BaseClass:/Game/VFX_Pack/Blueprints/Spawn_Particle.Spawn_Particle_C NativeClass:/Script/Engine.Actor Name:Spawn_Particle_C_UAID_50EBF67EA1C9618901_1082152903 Label:Spawn_Particle SpatiallyLoaded:1 Bounds:IsValid=true, Min=(X=1190.000 Y=1530.000 Z=0.000), Max=(X=1190.000 Y=1530.000 Z=0.000) RuntimeGrid:None EditorOnly:0 RuntimeOnly:0 HLODRelevant:0
 |   |   |- [+] [  4]
 |   |   |   |- Guid:21262252453B37957EF29F82ABA2413B BaseClass: NativeClass:/Script/Engine.TextRenderActor Name:TextRenderActor_1 Label:TextRenderActor SpatiallyLoaded:1 Bounds:IsValid=true, Min=(X=-0.100 Y=1100.000 Z=65.013), Max=(X=-0.100 Y=2363.461 Z=215.013) RuntimeGrid:None EditorOnly:0 RuntimeOnly:0 HLODRelevant:0
 |   |   |- [+] [  5]
 |   |   |   |- Guid:90B7B8D3420C2EABA931D3A6A69DF696 BaseClass: NativeClass:/Script/Engine.StaticMeshActor Name:StaticMeshActor_3 Label:Wall_Right SpatiallyLoaded:1 Bounds:IsValid=true, Min=(X=0.000 Y=0.000 Z=0.000), Max=(X=3000.000 Y=100.000 Z=400.000) RuntimeGrid:None EditorOnly:0 RuntimeOnly:0 HLODRelevant:1 FolderPath:Room Boss FolderGuid:6C02BB504B69D1F3D7A624B130C18E5B
 |   |   |- [+] [  6]
 |   |   |   |- Guid:EE66F4454A4A9F99393F559AB739C05E BaseClass:/Game/FirstPerson/Blueprints/BP_Pickup_Rifle.BP_Pickup_Rifle_C NativeClass:/Script/Engine.Actor Name:BP_Rifle_C_1 Label:BP_Pickup_Rifle SpatiallyLoaded:1 Bounds:IsValid=true, Min=(X=9218.000 Y=1468.000 Z=64.000), Max=(X=9282.000 Y=1557.440 Z=128.000) RuntimeGrid:None EditorOnly:0 RuntimeOnly:0 HLODRelevant:0
 |   |   |- [+] [  7]
 |   |   |   |- Guid:E5320C1B4FD9764CE7B54D8487AEC613 BaseClass: NativeClass:/Script/Engine.SkyLight Name:SkyLight_0 Label:SkyLight SpatiallyLoaded:0 Bounds:IsValid=true, Min=(X=0.000 Y=0.000 Z=690.000), Max=(X=0.000 Y=0.000 Z=690.000) RuntimeGrid:None EditorOnly:0 RuntimeOnly:0 HLODRelevant:0 FolderPath:Lighting FolderGuid:0BA5F0A04EADB18E70D5B180D08FA34B
 |   |   |- [+] [  8]
 |   |   |   |- Guid:F07F1AF64C7C7C238EE1B4BF8C122DD8 BaseClass: NativeClass:/Script/Engine.StaticMeshActor Name:StaticMeshActor_4 Label:Wall_Left SpatiallyLoaded:1 Bounds:IsValid=true, Min=(X=0.000 Y=2900.000 Z=0.000), Max=(X=3000.000 Y=3000.000 Z=400.000) RuntimeGrid:None EditorOnly:0 RuntimeOnly:0 HLODRelevant:1 FolderPath:Room Boss FolderGuid:6C02BB504B69D1F3D7A624B130C18E5B
 |   |   |- [+] [  9]
 |   |   |   |- Guid:78CAF7514C7533F30BD2F19A017AAB65 BaseClass: NativeClass:/Script/Engine.StaticMeshActor Name:StaticMeshActor_0 Label:Floor SpatiallyLoaded:1 Bounds:IsValid=true, Min=(X=0.000 Y=0.000 Z=-50.000), Max=(X=3000.000 Y=3000.000 Z=0.000) RuntimeGrid:None EditorOnly:0 RuntimeOnly:0 HLODRelevant:1 FolderPath:Room Boss FolderGuid:6C02BB504B69D1F3D7A624B130C18E5B
 |   |   |- [+] [ 10]
 |   |   |   |- Guid:A354B1B24E617A525DC6B48CCDE2417E BaseClass: NativeClass:/Script/Engine.PlayerStart Name:PlayerStart_0 Label:PlayerStart SpatiallyLoaded:0 Bounds:IsValid=true, Min=(X=9460.000 Y=1460.000 Z=8.000), Max=(X=9540.000 Y=1540.000 Z=192.000) RuntimeGrid:None EditorOnly:0 RuntimeOnly:0 HLODRelevant:0
 |   |   |- [+] [ 11]
 |   |   |   |- Guid:0EDB289B45CB7E0977A6DBA74201EE76 BaseClass: NativeClass:/Script/Engine.StaticMeshActor Name:StaticMeshActor_10 Label:Wall_Front_1 SpatiallyLoaded:1 Bounds:IsValid=true, Min=(X=2900.000 Y=100.000 Z=0.000), Max=(X=3000.000 Y=1300.000 Z=400.000) RuntimeGrid:None EditorOnly:0 RuntimeOnly:0 HLODRelevant:1 FolderPath:Room Boss FolderGuid:6C02BB504B69D1F3D7A624B130C18E5B
 |   |   |- [+] [ 12]
 |   |   |   |- Guid:C22CE07C4B87D685137FDBBC10FC92C6 BaseClass: NativeClass:/Script/Engine.SkyAtmosphere Name:SkyAtmosphere_0 Label:SkyAtmosphere SpatiallyLoaded:0 Bounds:IsValid=true, Min=(X=0.000 Y=0.000 Z=1020.000), Max=(X=0.000 Y=0.000 Z=1020.000) RuntimeGrid:None EditorOnly:0 RuntimeOnly:0 HLODRelevant:0 FolderPath:Lighting FolderGuid:0BA5F0A04EADB18E70D5B180D08FA34B
 |   |   |- [+] [ 13]
 |   |   |   |- Guid:C0C56B9644AE3D40CAFF6A878DB29844 BaseClass: NativeClass:/Script/Engine.StaticMeshActor Name:StaticMeshActor_UAID_A4AE111137DC5EFB00_2001720423 Label:SM_SkySphere SpatiallyLoaded:0 Bounds:IsValid=true, Min=(X=-1638400.000 Y=-1638400.000 Z=-1638400.000), Max=(X=1638400.000 Y=1638400.000 Z=1638400.000) RuntimeGrid:None EditorOnly:0 RuntimeOnly:0 HLODRelevant:1 FolderPath:Lighting FolderGuid:0BA5F0A04EADB18E70D5B180D08FA34B
 |   |   |- [+] [ 14]
 |   |   |   |- Guid:6FEFB3BD4EB37B849EF0D4AC80F83855 BaseClass: NativeClass:/Script/Engine.WorldDataLayers Name:WorldDataLayers Label:WorldDataLayers SpatiallyLoaded:0 Bounds:IsValid=true, Min=(X=0.000 Y=0.000 Z=0.000), Max=(X=0.000 Y=0.000 Z=0.000) RuntimeGrid:None EditorOnly:0 RuntimeOnly:0 HLODRelevant:0
 |   |   |- [+] [ 15]
 |   |   |   |- Guid:377F77A4461FA591F1AEFB92D2FA8058 BaseClass:/Game/BossEnemy/BP_ImpactParticles.BP_ImpactParticles_C NativeClass:/Script/Engine.Actor Name:BP_ImpactParticles_C_UAID_50EBF67EA1C9E58B01_1128092248 Label:BP_ImpactParticles SpatiallyLoaded:1 Bounds:IsValid=true, Min=(X=-175.767 Y=-149.398 Z=-459.647), Max=(X=160.321 Y=183.855 Z=-11.037) RuntimeGrid:None EditorOnly:0 RuntimeOnly:0 HLODRelevant:0
 |   |   |- [+] [ 16]
 |   |   |   |- Guid:CE8D82634660FCDB3120E2B8D547C533 BaseClass: NativeClass:/Script/Engine.PostProcessVolume Name:PostProcessVolume_0 Label:PostProcessVolume SpatiallyLoaded:0 Bounds:IsValid=true, Min=(X=0.000 Y=0.000 Z=400.000), Max=(X=200.000 Y=200.000 Z=600.000) RuntimeGrid:None EditorOnly:0 RuntimeOnly:0 HLODRelevant:0 FolderPath:Lighting FolderGuid:0BA5F0A04EADB18E70D5B180D08FA34B
 |   |   |- [+] [ 17]
 |   |   |   |- Guid:8559D1384B14F466E8927697A36C1D78 BaseClass: NativeClass:/Script/Engine.StaticMeshActor Name:StaticMeshActor_9 Label:Wall_Back SpatiallyLoaded:1 Bounds:IsValid=true, Min=(X=-0.000 Y=100.000 Z=0.000), Max=(X=100.000 Y=2900.000 Z=400.000) RuntimeGrid:None EditorOnly:0 RuntimeOnly:0 HLODRelevant:1 FolderPath:Room Boss FolderGuid:6C02BB504B69D1F3D7A624B130C18E5B
 |   |   |- [+] [ 18]
 |   |   |   |- Guid:32875B2948FFB49927A69F90685CAB8D BaseClass: NativeClass:/Script/Engine.StaticMeshActor Name:StaticMeshActor_UAID_50EBF67EA1C9619401_2120946519 Label:Wall_Front_2 SpatiallyLoaded:1 Bounds:IsValid=true, Min=(X=2901.000 Y=1700.000 Z=0.000), Max=(X=3001.000 Y=2900.000 Z=400.000) RuntimeGrid:None EditorOnly:0 RuntimeOnly:0 HLODRelevant:1 FolderPath:Room Boss FolderGuid:6C02BB504B69D1F3D7A624B130C18E5B
 |   |   |- [+] [ 19]
 |   |   |   |- Guid:B7A34FE74E027592FF1D4A80032CFAE4 BaseClass: NativeClass:/Script/Engine.StaticMeshActor Name:StaticMeshActor_UAID_50EBF67EA1C9629401_1109639702 Label:Wall_Right SpatiallyLoaded:1 Bounds:IsValid=true, Min=(X=3500.000 Y=0.000 Z=0.000), Max=(X=6500.000 Y=100.000 Z=400.000) RuntimeGrid:None EditorOnly:0 RuntimeOnly:0 HLODRelevant:1 FolderPath:Room 2 FolderGuid:5348EE5D43F596A538728FBD6E2C7FAA
 |   |   |- [+] [ 20]
 |   |   |   |- Guid:8BE736AB408DADEFF050CBB809A876ED BaseClass: NativeClass:/Script/Engine.StaticMeshActor Name:StaticMeshActor_UAID_50EBF67EA1C9629401_1109640703 Label:Wall_Left SpatiallyLoaded:1 Bounds:IsValid=true, Min=(X=3500.000 Y=2900.000 Z=0.000), Max=(X=6500.000 Y=3000.000 Z=400.000) RuntimeGrid:None EditorOnly:0 RuntimeOnly:0 HLODRelevant:1 FolderPath:Room 2 FolderGuid:5348EE5D43F596A538728FBD6E2C7FAA
 |   |   |- [+] [ 21]
 |   |   |   |- Guid:35D7C99541534EAE87B0E0BB284C767E BaseClass: NativeClass:/Script/Engine.StaticMeshActor Name:StaticMeshActor_UAID_50EBF67EA1C9629401_1109640704 Label:Floor SpatiallyLoaded:1 Bounds:IsValid=true, Min=(X=3500.000 Y=0.000 Z=-50.000), Max=(X=6500.000 Y=3000.000 Z=0.000) RuntimeGrid:None EditorOnly:0 RuntimeOnly:0 HLODRelevant:1 FolderPath:Room 2 FolderGuid:5348EE5D43F596A538728FBD6E2C7FAA
 |   |   |- [+] [ 22]
 |   |   |   |- Guid:A554A4B34F99BABDFE1DC9BC581B206C BaseClass: NativeClass:/Script/Engine.StaticMeshActor Name:StaticMeshActor_UAID_50EBF67EA1C9629401_1109641705 Label:Wall_Front_1 SpatiallyLoaded:1 Bounds:IsValid=true, Min=(X=6400.000 Y=100.000 Z=0.000), Max=(X=6500.000 Y=1300.000 Z=400.000) RuntimeGrid:None EditorOnly:0 RuntimeOnly:0 HLODRelevant:1 FolderPath:Room 2 FolderGuid:5348EE5D43F596A538728FBD6E2C7FAA
 |   |   |- [+] [ 23]
 |   |   |   |- Guid:94DECB52492CAF6EC20CF98E99ABCE22 BaseClass: NativeClass:/Script/Engine.StaticMeshActor Name:StaticMeshActor_UAID_50EBF67EA1C9629401_1109641706 Label:Wall_Back_1 SpatiallyLoaded:1 Bounds:IsValid=true, Min=(X=3500.000 Y=100.000 Z=0.000), Max=(X=3600.000 Y=1300.000 Z=400.000) RuntimeGrid:None EditorOnly:0 RuntimeOnly:0 HLODRelevant:1 FolderPath:Room 2 FolderGuid:5348EE5D43F596A538728FBD6E2C7FAA
 |   |   |- [+] [ 24]
 |   |   |   |- Guid:AA2EF21E479A0EB72EFC06BBBFF9D28E BaseClass: NativeClass:/Script/Engine.StaticMeshActor Name:StaticMeshActor_UAID_50EBF67EA1C9629401_1109641707 Label:Wall_Front_2 SpatiallyLoaded:1 Bounds:IsValid=true, Min=(X=6401.000 Y=1700.000 Z=0.000), Max=(X=6501.000 Y=2900.000 Z=400.000) RuntimeGrid:None EditorOnly:0 RuntimeOnly:0 HLODRelevant:1 FolderPath:Room 2 FolderGuid:5348EE5D43F596A538728FBD6E2C7FAA
 |   |   |- [+] [ 25]
 |   |   |   |- Guid:E8BECD084F52D7A06018EE92F3DF9053 BaseClass: NativeClass:/Script/Engine.StaticMeshActor Name:StaticMeshActor_UAID_50EBF67EA1C9629401_1193376708 Label:Wall_Back_2 SpatiallyLoaded:1 Bounds:IsValid=true, Min=(X=3500.000 Y=1700.000 Z=0.000), Max=(X=3600.000 Y=2900.000 Z=400.000) RuntimeGrid:None EditorOnly:0 RuntimeOnly:0 HLODRelevant:1 FolderPath:Room 2 FolderGuid:5348EE5D43F596A538728FBD6E2C7FAA
 |   |   |- [+] [ 26]
 |   |   |   |- Guid:483055F7476869B2A7F15FA2F0327998 BaseClass: NativeClass:/Script/Engine.StaticMeshActor Name:StaticMeshActor_UAID_50EBF67EA1C9629401_1240886709 Label:Wall_Right SpatiallyLoaded:1 Bounds:IsValid=true, Min=(X=7000.000 Y=0.000 Z=0.000), Max=(X=10000.000 Y=100.000 Z=400.000) RuntimeGrid:None EditorOnly:0 RuntimeOnly:0 HLODRelevant:1 FolderPath:Room 1 FolderGuid:26136B2746CF5DB5C8F71A9B32E6A031
 |   |   |- [+] [ 27]
 |   |   |   |- Guid:4ABB12C843D4DAD8FD14889A94470155 BaseClass: NativeClass:/Script/Engine.StaticMeshActor Name:StaticMeshActor_UAID_50EBF67EA1C9629401_1240887710 Label:Wall_Left SpatiallyLoaded:1 Bounds:IsValid=true, Min=(X=7000.000 Y=2900.000 Z=0.000), Max=(X=10000.000 Y=3000.000 Z=400.000) RuntimeGrid:None EditorOnly:0 RuntimeOnly:0 HLODRelevant:1 FolderPath:Room 1 FolderGuid:26136B2746CF5DB5C8F71A9B32E6A031
 |   |   |- [+] [ 28]
 |   |   |   |- Guid:F37F8DB04594D767C332DAB48A8D16F9 BaseClass: NativeClass:/Script/Engine.StaticMeshActor Name:StaticMeshActor_UAID_50EBF67EA1C9629401_1240888711 Label:Floor SpatiallyLoaded:1 Bounds:IsValid=true, Min=(X=7000.000 Y=0.000 Z=-50.000), Max=(X=10000.000 Y=3000.000 Z=0.000) RuntimeGrid:None EditorOnly:0 RuntimeOnly:0 HLODRelevant:1 FolderPath:Room 1 FolderGuid:26136B2746CF5DB5C8F71A9B32E6A031
 |   |   |- [+] [ 29]
 |   |   |   |- Guid:666A5DDA4F491358DA64CDB99D67AE8D BaseClass: NativeClass:/Script/Engine.StaticMeshActor Name:StaticMeshActor_UAID_50EBF67EA1C9629401_1240888712 Label:Wall_Front_1 SpatiallyLoaded:1 Bounds:IsValid=true, Min=(X=9900.000 Y=100.000 Z=0.000), Max=(X=10000.000 Y=1300.000 Z=400.000) RuntimeGrid:None EditorOnly:0 RuntimeOnly:0 HLODRelevant:1 FolderPath:Room 1 FolderGuid:26136B2746CF5DB5C8F71A9B32E6A031
 |   |   |- [+] [ 30]
 |   |   |   |- Guid:7E6ADCE14EFEAC9EAFC4709E434E7256 BaseClass: NativeClass:/Script/Engine.StaticMeshActor Name:StaticMeshActor_UAID_50EBF67EA1C9629401_1240888713 Label:Wall_Back_1 SpatiallyLoaded:1 Bounds:IsValid=true, Min=(X=7000.000 Y=100.000 Z=0.000), Max=(X=7100.000 Y=1300.000 Z=400.000) RuntimeGrid:None EditorOnly:0 RuntimeOnly:0 HLODRelevant:1 FolderPath:Room 1 FolderGuid:26136B2746CF5DB5C8F71A9B32E6A031
 |   |   |- [+] [ 31]
 |   |   |   |- Guid:BA27CC1C4AFAE315606E119C92907FE3 BaseClass: NativeClass:/Script/Engine.StaticMeshActor Name:StaticMeshActor_UAID_50EBF67EA1C9629401_1240889714 Label:Wall_Front_2 SpatiallyLoaded:1 Bounds:IsValid=true, Min=(X=9901.000 Y=1700.000 Z=0.000), Max=(X=10001.000 Y=2900.000 Z=400.000) RuntimeGrid:None EditorOnly:0 RuntimeOnly:0 HLODRelevant:1 FolderPath:Room 1 FolderGuid:26136B2746CF5DB5C8F71A9B32E6A031
 |   |   |- [+] [ 32]
 |   |   |   |- Guid:6CBB7B8D4EFEE1C28DDD678E334EEB6C BaseClass: NativeClass:/Script/Engine.StaticMeshActor Name:StaticMeshActor_UAID_50EBF67EA1C9629401_1240889715 Label:Wall_Back_2 SpatiallyLoaded:1 Bounds:IsValid=true, Min=(X=7000.000 Y=1700.000 Z=0.000), Max=(X=7100.000 Y=2900.000 Z=400.000) RuntimeGrid:None EditorOnly:0 RuntimeOnly:0 HLODRelevant:1 FolderPath:Room 1 FolderGuid:26136B2746CF5DB5C8F71A9B32E6A031
 |   |   |- [+] [ 33]
 |   |   |   |- Guid:422187044CB604AD9EC1F9A9593188FD BaseClass: NativeClass:/Script/Engine.StaticMeshActor Name:StaticMeshActor_UAID_50EBF67EA1C9629401_1344916716 Label:Cube SpatiallyLoaded:1 Bounds:IsValid=true, Min=(X=8400.000 Y=1000.000 Z=0.000), Max=(X=8600.000 Y=2000.000 Z=400.000) RuntimeGrid:None EditorOnly:0 RuntimeOnly:0 HLODRelevant:1 FolderPath:Room 1 FolderGuid:26136B2746CF5DB5C8F71A9B32E6A031
 |   |   |- [+] [ 34]
 |   |   |   |- Guid:48CE1E27401D6E76B694D7A2009A8BE3 BaseClass: NativeClass:/Script/Engine.StaticMeshActor Name:StaticMeshActor_UAID_50EBF67EA1C9629401_1486740717 Label:Cube2 SpatiallyLoaded:1 Bounds:IsValid=true, Min=(X=7600.000 Y=2300.000 Z=0.000), Max=(X=7800.000 Y=2900.000 Z=400.000) RuntimeGrid:None EditorOnly:0 RuntimeOnly:0 HLODRelevant:1 FolderPath:Room FolderGuid:DBF2F7B34B65268448A2848A9607E355
 |   |   |- [+] [ 35]
 |   |   |   |- Guid:21AC1FBB43C1F43BDC95B781BA96C23B BaseClass: NativeClass:/Script/Engine.StaticMeshActor Name:StaticMeshActor_UAID_50EBF67EA1C9629401_1519567718 Label:Cube3 SpatiallyLoaded:1 Bounds:IsValid=true, Min=(X=9100.000 Y=1900.000 Z=0.000), Max=(X=9300.000 Y=2900.000 Z=400.000) RuntimeGrid:None EditorOnly:0 RuntimeOnly:0 HLODRelevant:1 FolderPath:Room FolderGuid:DBF2F7B34B65268448A2848A9607E355
 |   |   |- [+] [ 36]
 |   |   |   |- Guid:B7BB07C74E8DCDA9693BB38ECB14A539 BaseClass: NativeClass:/Script/Engine.StaticMeshActor Name:StaticMeshActor_UAID_50EBF67EA1C9629401_1578447719 Label:Cube4 SpatiallyLoaded:1 Bounds:IsValid=true, Min=(X=7500.000 Y=500.000 Z=0.000), Max=(X=8100.000 Y=700.000 Z=400.000) RuntimeGrid:None EditorOnly:0 RuntimeOnly:0 HLODRelevant:1 FolderPath:Room FolderGuid:DBF2F7B34B65268448A2848A9607E355
 |   |   |- [+] [ 37]
 |   |   |   |- Guid:3C9DBAF2459E0F2F43BDAC8CD984EC25 BaseClass: NativeClass:/Script/Engine.StaticMeshActor Name:StaticMeshActor_UAID_50EBF67EA1C9629401_1613495720 Label:Cylinder SpatiallyLoaded:1 Bounds:IsValid=true, Min=(X=8900.000 Y=500.000 Z=0.000), Max=(X=9300.000 Y=900.000 Z=400.000) RuntimeGrid:None EditorOnly:0 RuntimeOnly:0 HLODRelevant:1
 |   |   |- [+] [ 38]
 |   |   |   |- Guid:65B3FFBF428ECE3B0BD0C987E6D5B239 BaseClass: NativeClass:/Script/NavigationSystem.NavMeshBoundsVolume Name:NavMeshBoundsVolume_UAID_50EBF67EA1C9639401_1317419898 Label:NavMeshBoundsVolume SpatiallyLoaded:0 Bounds:IsValid=true, Min=(X=7000.000 Y=0.000 Z=0.000), Max=(X=10000.000 Y=3000.000 Z=400.000) RuntimeGrid:None EditorOnly:0 RuntimeOnly:0 HLODRelevant:0
 |   |   |- [+] [ 39]
 |   |   |   |- Guid:E006499840FD61F1E0A4AEBD8D204554 BaseClass: NativeClass:/Script/NavigationSystem.RecastNavMesh Name:RecastNavMesh_UAID_50EBF67EA1C9639401-Default Label:RecastNavMesh-Default SpatiallyLoaded:0 Bounds:IsValid=true, Min=(X=0.000 Y=0.000 Z=0.000), Max=(X=0.000 Y=0.000 Z=0.000) RuntimeGrid:None EditorOnly:0 RuntimeOnly:0 HLODRelevant:0
 |   |   |- [+] [ 40]
 |   |   |   |- Guid:B8B5AA5A439B85BD46E7D988209ADFDD BaseClass:/Game/BasicEnemy/BP_Enemy.BP_Enemy_C NativeClass:/Script/Engine.Character Name:BP_Enemy_C_UAID_50EBF67EA1C9639401_1081883897 Label:BP_Enemy SpatiallyLoaded:1 Bounds:IsValid=true, Min=(X=8468.000 Y=2568.000 Z=0.000), Max=(X=8532.000 Y=2632.000 Z=128.000) RuntimeGrid:None EditorOnly:0 RuntimeOnly:0 HLODRelevant:0
 |- ContainerInstances:
 |- [+] MainContainer:
 |   |-        ID: 0x0000000000000000
 |   |-    Bounds: IsValid=false, Min=(X=0.000 Y=0.000 Z=0.000), Max=(X=0.000 Y=0.000 Z=0.000)
 |   |- Transform: 0.000000,0.000000,0.000000|0.000000,0.000000,-0.000000|1.000000,1.000000,1.000000
 |   |- Container: /Game/FirstPerson/Maps/FirstPersonMap
----------------------------------------------------------------------------------------------------------------
FirstPersonMap - Persistent Level
----------------------------------------------------------------------------------------------------------------
Always loaded Actor Count: 48 

----------------------------------------------------------------------------------------------------------------
FirstPersonMap - Runtime Spatial Hash - Streaming Grid - MainGrid
----------------------------------------------------------------------------------------------------------------
            Origin: X=0.000 Y=0.000 Z=0.000
         Cell Size: 12800
      World Bounds: IsValid=false, Min=(X=0.000 Y=0.000 Z=0.000), Max=(X=0.000 Y=0.000 Z=0.000)
     Loading Range: 25600.00
Block Slow Loading: No
 ClientOnlyVisible: No

[+] Grid Levels: 1
 |- Level  0: Cell Count    0 | Cell Size   12800 | Actor Count    0 (0.0%)

[+] Content of Grid Level 0

